[debug] [2018-03-28T01:52:45.152Z] ----------------------------------------------------------------------
[debug] [2018-03-28T01:52:45.160Z] Command:       /usr/bin/node /usr/bin/firebase serve
[debug] [2018-03-28T01:52:45.160Z] CLI Version:   3.17.7
[debug] [2018-03-28T01:52:45.160Z] Platform:      linux
[debug] [2018-03-28T01:52:45.160Z] Node Version:  v8.10.0
[debug] [2018-03-28T01:52:45.161Z] Time:          Tue Mar 27 2018 22:52:45 GMT-0300 (-03)
[debug] [2018-03-28T01:52:45.161Z] ----------------------------------------------------------------------
[debug] 
[debug] [2018-03-28T01:52:45.179Z] > command requires scopes: ["email","openid","https://www.googleapis.com/auth/cloudplatformprojects.readonly","https://www.googleapis.com/auth/firebase","https://www.googleapis.com/auth/cloud-platform"]
[debug] [2018-03-28T01:52:45.179Z] > authorizing via signed-in user
[debug] [2018-03-28T01:52:45.183Z] >>> HTTP REQUEST GET https://admin.firebase.com/v1/projects/poly-fire-edf78  
  
 Tue Mar 27 2018 22:52:45 GMT-0300 (-03)
[debug] [2018-03-28T01:52:51.165Z] <<< HTTP RESPONSE 200
[debug] [2018-03-28T01:52:51.167Z] >>> HTTP REQUEST GET https://admin.firebase.com/v1/database/poly-fire-edf78/tokens  
  
 Tue Mar 27 2018 22:52:51 GMT-0300 (-03)
[debug] [2018-03-28T01:52:51.989Z] <<< HTTP RESPONSE 200
[debug] [2018-03-28T01:52:51.990Z] >>> HTTP REQUEST GET https://cloudresourcemanager.googleapis.com/v1/projects/poly-fire-edf78  
  
 Tue Mar 27 2018 22:52:51 GMT-0300 (-03)
[debug] [2018-03-28T01:52:53.240Z] <<< HTTP RESPONSE 200
[info] 
[info] === Serving from '/home/valeria/Área de Trabalho/Polymer/fire-demo'...
[info] 
[debug] [2018-03-28T01:52:53.244Z] >>> HTTP REQUEST GET https://mobilesdk-pa.googleapis.com/v1/projects/240401313350/clients/_:getWebAppConfig  
  
 Tue Mar 27 2018 22:52:53 GMT-0300 (-03)
[debug] [2018-03-28T01:52:54.668Z] <<< HTTP RESPONSE 200
[info] i  hosting: Serving hosting files from: public
[info] ✔  hosting: Local server: http://localhost:5000

[debug] [2018-03-28T02:22:23.419Z] ----------------------------------------------------------------------
[debug] [2018-03-28T02:22:23.423Z] Command:       /usr/bin/node /usr/bin/firebase serve
[debug] [2018-03-28T02:22:23.424Z] CLI Version:   3.17.7
[debug] [2018-03-28T02:22:23.424Z] Platform:      linux
[debug] [2018-03-28T02:22:23.424Z] Node Version:  v8.10.0
[debug] [2018-03-28T02:22:23.424Z] Time:          Tue Mar 27 2018 23:22:23 GMT-0300 (-03)
[debug] [2018-03-28T02:22:23.424Z] ----------------------------------------------------------------------
[debug] 
[debug] [2018-03-28T02:22:23.521Z] > command requires scopes: ["email","openid","https://www.googleapis.com/auth/cloudplatformprojects.readonly","https://www.googleapis.com/auth/firebase","https://www.googleapis.com/auth/cloud-platform"]
[debug] [2018-03-28T02:22:23.521Z] > authorizing via signed-in user
[debug] [2018-03-28T02:22:23.525Z] >>> HTTP REQUEST GET https://admin.firebase.com/v1/projects/poly-fire-edf78  
  
 Tue Mar 27 2018 23:22:23 GMT-0300 (-03)
[debug] [2018-03-28T02:22:25.123Z] <<< HTTP RESPONSE 200
[debug] [2018-03-28T02:22:25.125Z] >>> HTTP REQUEST GET https://admin.firebase.com/v1/database/poly-fire-edf78/tokens  
  
 Tue Mar 27 2018 23:22:25 GMT-0300 (-03)
[debug] [2018-03-28T02:22:26.020Z] <<< HTTP RESPONSE 200
[debug] [2018-03-28T02:22:26.023Z] >>> HTTP REQUEST GET https://cloudresourcemanager.googleapis.com/v1/projects/poly-fire-edf78  
  
 Tue Mar 27 2018 23:22:26 GMT-0300 (-03)
[debug] [2018-03-28T02:22:27.092Z] <<< HTTP RESPONSE 200
[info] 
[info] === Serving from '/home/valeria/Área de Trabalho/Polymer/fire-demo'...
[info] 
[debug] [2018-03-28T02:22:27.098Z] >>> HTTP REQUEST GET https://mobilesdk-pa.googleapis.com/v1/projects/240401313350/clients/_:getWebAppConfig  
  
 Tue Mar 27 2018 23:22:27 GMT-0300 (-03)
[debug] [2018-03-28T02:22:27.878Z] <<< HTTP RESPONSE 200
[info] i  hosting: Serving hosting files from: public
[info] ✔  hosting: Local server: http://localhost:5000

[debug] [2018-03-28T02:54:03.107Z] ----------------------------------------------------------------------
[debug] [2018-03-28T02:54:03.115Z] Command:       /usr/bin/node /usr/bin/firebase serve
[debug] [2018-03-28T02:54:03.115Z] CLI Version:   3.17.7
[debug] [2018-03-28T02:54:03.115Z] Platform:      linux
[debug] [2018-03-28T02:54:03.116Z] Node Version:  v8.10.0
[debug] [2018-03-28T02:54:03.116Z] Time:          Tue Mar 27 2018 23:54:03 GMT-0300 (-03)
[debug] [2018-03-28T02:54:03.116Z] ----------------------------------------------------------------------
[debug] 
[debug] [2018-03-28T02:54:03.135Z] > command requires scopes: ["email","openid","https://www.googleapis.com/auth/cloudplatformprojects.readonly","https://www.googleapis.com/auth/firebase","https://www.googleapis.com/auth/cloud-platform"]
[debug] [2018-03-28T02:54:03.135Z] > authorizing via signed-in user
[debug] [2018-03-28T02:54:03.138Z] > refreshing access token with scopes: ["email","https://www.googleapis.com/auth/cloud-platform","https://www.googleapis.com/auth/cloudplatformprojects.readonly","https://www.googleapis.com/auth/firebase","openid"]
[debug] [2018-03-28T02:54:03.139Z] >>> HTTP REQUEST POST https://www.googleapis.com/oauth2/v3/token  
 { refresh_token: '1/vmTel0T9k6_9GwJIiH89E0A_ocPGT2Cd1KRqflEemM8',
  client_id: '563584335869-fgrhgmd47bqnekij5i8b5pr03ho849e6.apps.googleusercontent.com',
  client_secret: 'j9iVZfS8kkCEFUPaAeJV0sAi',
  grant_type: 'refresh_token',
  scope: 'email https://www.googleapis.com/auth/cloud-platform https://www.googleapis.com/auth/cloudplatformprojects.readonly https://www.googleapis.com/auth/firebase openid' } 
 Tue Mar 27 2018 23:54:03 GMT-0300 (-03)
[debug] [2018-03-28T02:54:03.699Z] <<< HTTP RESPONSE 200
[debug] [2018-03-28T02:54:03.757Z] >>> HTTP REQUEST GET https://admin.firebase.com/v1/projects/poly-fire-edf78  
  
 Tue Mar 27 2018 23:54:03 GMT-0300 (-03)
[debug] [2018-03-28T02:54:05.573Z] <<< HTTP RESPONSE 200
[debug] [2018-03-28T02:54:05.575Z] >>> HTTP REQUEST GET https://admin.firebase.com/v1/database/poly-fire-edf78/tokens  
  
 Tue Mar 27 2018 23:54:05 GMT-0300 (-03)
[debug] [2018-03-28T02:54:06.363Z] <<< HTTP RESPONSE 200
[debug] [2018-03-28T02:54:06.365Z] >>> HTTP REQUEST GET https://cloudresourcemanager.googleapis.com/v1/projects/poly-fire-edf78  
  
 Tue Mar 27 2018 23:54:06 GMT-0300 (-03)
[debug] [2018-03-28T02:54:07.405Z] <<< HTTP RESPONSE 200
[info] 
[info] === Serving from '/home/valeria/Área de Trabalho/Polymer/fire-demo'...
[info] 
[debug] [2018-03-28T02:54:07.411Z] >>> HTTP REQUEST GET https://mobilesdk-pa.googleapis.com/v1/projects/240401313350/clients/_:getWebAppConfig  
  
 Tue Mar 27 2018 23:54:07 GMT-0300 (-03)
[debug] [2018-03-28T02:54:08.899Z] <<< HTTP RESPONSE 200
[warn] ⚠  hosting: Port 5000 is not available. Trying another port...
[debug] [2018-03-28T02:54:08.927Z] >>> HTTP REQUEST GET https://mobilesdk-pa.googleapis.com/v1/projects/240401313350/clients/_:getWebAppConfig  
  
 Tue Mar 27 2018 23:54:08 GMT-0300 (-03)
[debug] [2018-03-28T02:54:20.224Z] <<< HTTP RESPONSE 200
[info] i  hosting: Serving hosting files from: public
[info] ✔  hosting: Local server: http://localhost:5004

